build/app/outputs/mapping/r8/release/mapping.txt
# compiler: R8
# compiler_version: 1.3.49
# min_api: 16
com.example.office_prj.MainActivity -> com.example.office_prj.MainActivity:
    1:1:void <init>():8:8 -> <init>
    1:2:void onCreate(android.os.Bundle):10:11 -> onCreate
...
io.flutter.util.Preconditions -> b.a.d.b:
    1:1:java.lang.Object checkNotNull(java.lang.Object):25:25 -> a
io.flutter.util.Predicate -> b.a.d.c:
io.flutter.view.AccessibilityBridge -> io.flutter.view.g:
    java.util.List flutterNavigationStack -> q
    io.flutter.embedding.engine.systemchannels.AccessibilityChannel accessibilityChannel -> c
    int accessibilityFeatureFlags -> m
    io.flutter.plugin.platform.PlatformViewsAccessibilityDelegate platformViewsAccessibilityDelegate -> f
    android.view.accessibility.AccessibilityManager$TouchExplorationStateChangeListener touchExplorationStateChangeListener -> w
    int FIRST_RESOURCE_ID -> a
    io.flutter.view.AccessibilityViewEmbedder accessibilityViewEmbedder -> e
    java.lang.Integer lastLeftFrameInset -> s
    io.flutter.view.AccessibilityBridge$SemanticsNode hoveredObject -> p
    io.flutter.embedding.engine.systemchannels.AccessibilityChannel$AccessibilityMessageHandler accessibilityMessageHandler -> u
    io.flutter.view.AccessibilityBridge$SemanticsNode lastInputFocusedSemanticsNode -> o
    io.flutter.view.AccessibilityBridge$SemanticsNode inputFocusedSemanticsNode -> n
    io.flutter.view.AccessibilityBridge$OnAccessibilityChangeListener onAccessibilityChangeListener -> t
    android.database.ContentObserver animationScaleObserver -> x
    java.util.Map customAccessibilityActions -> i
    java.lang.Integer embeddedAccessibilityFocusedNodeId -> k
    java.lang.Integer embeddedInputFocusedNodeId -> l
    android.content.ContentResolver contentResolver -> g
    android.view.View rootAccessibilityView -> b
io.flutter.view.AccessibilityBridge$1 -> io.flutter.view.c:
    io.flutter.view.AccessibilityBridge this$0 -> a
    1:1:void <init>(io.flutter.view.AccessibilityBridge):228:228 -> <init>
    1:1:void announce(java.lang.String):234:234 -> a
    2:2:void onTap(int):242:242 -> a
    3:4:void updateCustomAccessibilityActions(java.nio.ByteBuffer,java.lang.String[]):268:269 -> a
    1:1:void onLongPress(int):250:250 -> b
    2:4:void onTooltip(java.lang.String):258:260 -> b
    5:6:void updateSemantics(java.nio.ByteBuffer,java.lang.String[]):277:278 -> b
io.flutter.view.AccessibilityBridge$2 -> io.flutter.view.d:
    io.flutter.view.AccessibilityBridge this$0 -> a
    1:1:void <init>(io.flutter.view.AccessibilityBridge):283:283 -> <init>
    1:2:void onAccessibilityStateChanged(boolean):287:288 -> onAccessibilityStateChanged
    3:4:void onAccessibilityStateChanged(boolean):290:291 -> onAccessibilityStateChanged
    5:6:void onAccessibilityStateChanged(boolean):294:295 -> onAccessibilityStateChanged
    7:7:void onAccessibilityStateChanged(boolean):297:297 -> onAccessibilityStateChanged
    8:8:void onAccessibilityStateChanged(boolean):295:295 -> onAccessibilityStateChanged
io.flutter.view.AccessibilityBridge$3 -> io.flutter.view.e:
    io.flutter.view.AccessibilityBridge this$0 -> a
    1:1:void <init>(io.flutter.view.AccessibilityBridge,android.os.Handler):311:311 -> <init>
    1:1:void onChange(boolean):314:314 -> onChange
    2:2:void onChange(boolean,android.net.Uri):320:320 -> onChange
    3:3:void onChange(boolean,android.net.Uri):322:322 -> onChange
    4:4:void onChange(boolean,android.net.Uri):321:321 -> onChange
    5:5:void onChange(boolean,android.net.Uri):326:326 -> onChange
    6:6:void onChange(boolean,android.net.Uri):328:328 -> onChange
    7:7:void onChange(boolean,android.net.Uri):330:330 -> onChange
    8:8:void onChange(boolean,android.net.Uri):332:332 -> onChange